[debug] [2021-04-19T12:06:22.859Z] ----------------------------------------------------------------------
[debug] [2021-04-19T12:06:22.860Z] Command:       C:\Program Files\nodejs\node.exe C:\Users\jacob\AppData\Roaming\npm\node_modules\firebase-tools\lib\bin\firebase.js init
[debug] [2021-04-19T12:06:22.861Z] CLI Version:   9.10.0
[debug] [2021-04-19T12:06:22.861Z] Platform:      win32
[debug] [2021-04-19T12:06:22.861Z] Node Version:  v12.19.0
[debug] [2021-04-19T12:06:22.862Z] Time:          Mon Apr 19 2021 08:06:22 GMT-0400 (Eastern Daylight Time)
[debug] [2021-04-19T12:06:22.862Z] ----------------------------------------------------------------------
[debug] 
[debug] [2021-04-19T12:06:22.869Z] > command requires scopes: ["email","openid","https://www.googleapis.com/auth/cloudplatformprojects.readonly","https://www.googleapis.com/auth/firebase","https://www.googleapis.com/auth/cloud-platform"]
[debug] [2021-04-19T12:06:22.869Z] > authorizing via signed-in user (jacobgfenner@gmail.com)
[info] 
     ######## #### ########  ######## ########     ###     ######  ########
     ##        ##  ##     ## ##       ##     ##  ##   ##  ##       ##
     ######    ##  ########  ######   ########  #########  ######  ######
     ##        ##  ##    ##  ##       ##     ## ##     ##       ## ##
     ##       #### ##     ## ######## ########  ##     ##  ######  ########

You're about to initialize a Firebase project in this directory:

  C:\Users\jacob\OneDrive\Desktop\Coding\Projects\adornments

[info] 
=== Project Setup
[info] 
[info] First, let's associate this project directory with a Firebase project.
[info] You can create multiple project aliases by running firebase use --add, 
[info] but for now we'll just set up a default project.
[info] 
[debug] [2021-04-19T12:06:49.611Z] >>> [apiv2][query] GET https://firebase.googleapis.com/v1beta1/projects pageSize=100
[debug] [2021-04-19T12:06:49.955Z] <<< [apiv2][status] GET https://firebase.googleapis.com/v1beta1/projects 200
[debug] [2021-04-19T12:06:49.956Z] <<< [apiv2][body] GET https://firebase.googleapis.com/v1beta1/projects [omitted]
[info] i  Using project artsmith-dev (Artsmith-Dev) 
[info] 
=== Hosting Setup
[info] 
[info] Your public directory is the folder (relative to your project directory) that
[info] will contain Hosting assets to be uploaded with firebase deploy. If you
[info] have a build process for your assets, use your build's output directory.
[info] 
[debug] [2021-04-19T12:07:24.995Z] >>> [apiv2][query] GET https://www.gstatic.com/firebasejs/releases.json [none]
[debug] [2021-04-19T12:07:25.134Z] <<< [apiv2][status] GET https://www.gstatic.com/firebasejs/releases.json 200
[debug] [2021-04-19T12:07:25.135Z] <<< [apiv2][body] GET https://www.gstatic.com/firebasejs/releases.json {"current":{"version":"8.4.1","browserURL":"https://www.gstatic.com/firebasejs/8.4.1/firebase.js","packageURL":"https://www.gstatic.com/firebasejs/8.4.1/firebase.tgz"},"live":{"version":"8.4","browserURL":"https://www.gstatic.com/firebasejs/live/8.4/firebase.js","packageURL":"https://www.gstatic.com/firebasejs/live/8.4/firebase.tgz"},"components":{"analytics":"https://www.gstatic.com/firebasejs/8.4.1/firebase-analytics.js","app":"https://www.gstatic.com/firebasejs/8.4.1/firebase-app.js","auth":"https://www.gstatic.com/firebasejs/8.4.1/firebase-auth.js","database":"https://www.gstatic.com/firebasejs/8.4.1/firebase-database.js","firestore":"https://www.gstatic.com/firebasejs/8.4.1/firebase-firestore.js","functions":"https://www.gstatic.com/firebasejs/8.4.1/firebase-functions.js","installations":"https://www.gstatic.com/firebasejs/8.4.1/firebase-installations.js","messaging":"https://www.gstatic.com/firebasejs/8.4.1/firebase-messaging.js","storage":"https://www.gstatic.com/firebasejs/8.4.1/firebase-storage.js","performance":"https://www.gstatic.com/firebasejs/8.4.1/firebase-performance.js","remote-config":"https://www.gstatic.com/firebasejs/8.4.1/firebase-remote-config.js","firestore.memory":"https://www.gstatic.com/firebasejs/8.4.1/firebase-firestore.memory.js"}}
